# JRE version: OpenJDK Runtime Environment (8.0_112-b224) (build 1.8.0_112-release-b736)
# Java VM: OpenJDK 64-Bit Server VM (25.112-b736 mixed mode linux-amd64 compressed oops)
Heap:
 PSYoungGen      total 492032K, used 313194K [0x00000000e0000000, 0x0000000100000000, 0x0000000100000000)
  eden space 459776K, 64% used [0x00000000e0000000,0x00000000f2018ba8,0x00000000fc100000)
  from space 32256K, 56% used [0x00000000fc100000,0x00000000fd2c1f00,0x00000000fe080000)
  to   space 31232K, 0% used [0x00000000fe180000,0x00000000fe180000,0x0000000100000000)
 ParOldGen       total 212992K, used 27365K [0x00000000a0000000, 0x00000000ad000000, 0x00000000e0000000)
  object space 212992K, 12% used [0x00000000a0000000,0x00000000a1ab97b0,0x00000000ad000000)
 Metaspace       used 68824K, capacity 72208K, committed 72448K, reserved 1112064K
  class space    used 8637K, capacity 9163K, committed 9216K, reserved 1048576K
GC Heap History (10 events):
Event: 2437.924 GC heap before
{Heap before GC invocations=10 (full 2):
 PSYoungGen      total 304128K, used 271874K [0x00000000e0000000, 0x00000000fb900000, 0x0000000100000000)
  eden space 288256K, 88% used [0x00000000e0000000,0x00000000efa03528,0x00000000f1980000)
  from space 15872K, 99% used [0x00000000f1980000,0x00000000f28fd378,0x00000000f2900000)
  to   space 22528K, 0% used [0x00000000fa300000,0x00000000fa300000,0x00000000fb900000)
 ParOldGen       total 153088K, used 30025K [0x00000000a0000000, 0x00000000a9580000, 0x00000000e0000000)
  object space 153088K, 19% used [0x00000000a0000000,0x00000000a1d52700,0x00000000a9580000)
 Metaspace       used 57081K, capacity 59050K, committed 59136K, reserved 1099776K
  class space    used 7503K, capacity 7856K, committed 7936K, reserved 1048576K
Event: 2437.945 GC heap after
Heap after GC invocations=10 (full 2):
 PSYoungGen      total 409088K, used 21574K [0x00000000e0000000, 0x00000000fb880000, 0x0000000100000000)
  eden space 387072K, 0% used [0x00000000e0000000,0x00000000e0000000,0x00000000f7a00000)
  from space 22016K, 97% used [0x00000000fa300000,0x00000000fb811928,0x00000000fb880000)
  to   space 25600K, 0% used [0x00000000f8680000,0x00000000f8680000,0x00000000f9f80000)
 ParOldGen       total 153088K, used 30033K [0x00000000a0000000, 0x00000000a9580000, 0x00000000e0000000)
  object space 153088K, 19% used [0x00000000a0000000,0x00000000a1d54700,0x00000000a9580000)
 Metaspace       used 57081K, capacity 59050K, committed 59136K, reserved 1099776K
  class space    used 7503K, capacity 7856K, committed 7936K, reserved 1048576K
}
Event: 2437.945 GC heap before
{Heap before GC invocations=11 (full 3):
 PSYoungGen      total 409088K, used 21574K [0x00000000e0000000, 0x00000000fb880000, 0x0000000100000000)
  eden space 387072K, 0% used [0x00000000e0000000,0x00000000e0000000,0x00000000f7a00000)
  from space 22016K, 97% used [0x00000000fa300000,0x00000000fb811928,0x00000000fb880000)
  to   space 25600K, 0% used [0x00000000f8680000,0x00000000f8680000,0x00000000f9f80000)
 ParOldGen       total 153088K, used 30033K [0x00000000a0000000, 0x00000000a9580000, 0x00000000e0000000)
  object space 153088K, 19% used [0x00000000a0000000,0x00000000a1d54700,0x00000000a9580000)
 Metaspace       used 57081K, capacity 59050K, committed 59136K, reserved 1099776K
  class space    used 7503K, capacity 7856K, committed 7936K, reserved 1048576K
Event: 2438.090 GC heap after
Heap after GC invocations=11 (full 3):
 PSYoungGen      total 409088K, used 0K [0x00000000e0000000, 0x00000000fb880000, 0x0000000100000000)
  eden space 387072K, 0% used [0x00000000e0000000,0x00000000e0000000,0x00000000f7a00000)
  from space 22016K, 0% used [0x00000000fa300000,0x00000000fa300000,0x00000000fb880000)
  to   space 25600K, 0% used [0x00000000f8680000,0x00000000f8680000,0x00000000f9f80000)
 ParOldGen       total 212992K, used 25823K [0x00000000a0000000, 0x00000000ad000000, 0x00000000e0000000)
  object space 212992K, 12% used [0x00000000a0000000,0x00000000a1937db0,0x00000000ad000000)
 Metaspace       used 56656K, capacity 58356K, committed 59136K, reserved 1099776K
  class space    used 7436K, capacity 7733K, committed 7936K, reserved 1048576K
}
Event: 3612.300 GC heap before
{Heap before GC invocations=12 (full 3):
 PSYoungGen      total 409088K, used 387072K [0x00000000e0000000, 0x00000000fb880000, 0x0000000100000000)
  eden space 387072K, 100% used [0x00000000e0000000,0x00000000f7a00000,0x00000000f7a00000)
  from space 22016K, 0% used [0x00000000fa300000,0x00000000fa300000,0x00000000fb880000)
  to   space 25600K, 0% used [0x00000000f8680000,0x00000000f8680000,0x00000000f9f80000)
 ParOldGen       total 212992K, used 25823K [0x00000000a0000000, 0x00000000ad000000, 0x00000000e0000000)
  object space 212992K, 12% used [0x00000000a0000000,0x00000000a1937db0,0x00000000ad000000)
 Metaspace       used 66267K, capacity 68506K, committed 68608K, reserved 1110016K
  class space    used 8473K, capacity 8892K, committed 8960K, reserved 1048576K
Event: 3612.329 GC heap after
Heap after GC invocations=12 (full 3):
 PSYoungGen      total 425472K, used 23503K [0x00000000e0000000, 0x0000000100000000, 0x0000000100000000)
  eden space 399872K, 0% used [0x00000000e0000000,0x00000000e0000000,0x00000000f8680000)
  from space 25600K, 91% used [0x00000000f8680000,0x00000000f9d73e70,0x00000000f9f80000)
  to   space 28160K, 0% used [0x00000000fe480000,0x00000000fe480000,0x0000000100000000)
 ParOldGen       total 212992K, used 25839K [0x00000000a0000000, 0x00000000ad000000, 0x00000000e0000000)
  object space 212992K, 12% used [0x00000000a0000000,0x00000000a193bdb0,0x00000000ad000000)
 Metaspace       used 66267K, capacity 68506K, committed 68608K, reserved 1110016K
  class space    used 8473K, capacity 8892K, committed 8960K, reserved 1048576K
}
Event: 4541.851 GC heap before
{Heap before GC invocations=13 (full 3):
 PSYoungGen      total 425472K, used 423375K [0x00000000e0000000, 0x0000000100000000, 0x0000000100000000)
  eden space 399872K, 100% used [0x00000000e0000000,0x00000000f8680000,0x00000000f8680000)
  from space 25600K, 91% used [0x00000000f8680000,0x00000000f9d73e70,0x00000000f9f80000)
  to   space 28160K, 0% used [0x00000000fe480000,0x00000000fe480000,0x0000000100000000)
 ParOldGen       total 212992K, used 25839K [0x00000000a0000000, 0x00000000ad000000, 0x00000000e0000000)
  object space 212992K, 12% used [0x00000000a0000000,0x00000000a193bdb0,0x00000000ad000000)
 Metaspace       used 67599K, capacity 70286K, committed 70528K, reserved 1110016K
  class space    used 8536K, capacity 9004K, committed 9088K, reserved 1048576K
Event: 4541.886 GC heap after
Heap after GC invocations=13 (full 3):
 PSYoungGen      total 487936K, used 28133K [0x00000000e0000000, 0x0000000100000000, 0x0000000100000000)
  eden space 459776K, 0% used [0x00000000e0000000,0x00000000e0000000,0x00000000fc100000)
  from space 28160K, 99% used [0x00000000fe480000,0x00000000ffff9610,0x0000000100000000)
  to   space 32256K, 0% used [0x00000000fc100000,0x00000000fc100000,0x00000000fe080000)
 ParOldGen       total 212992K, used 27357K [0x00000000a0000000, 0x00000000ad000000, 0x00000000e0000000)
  object space 212992K, 12% used [0x00000000a0000000,0x00000000a1ab77b0,0x00000000ad000000)
 Metaspace       used 67599K, capacity 70286K, committed 70528K, reserved 1110016K
  class space    used 8536K, capacity 9004K, committed 9088K, reserved 1048576K
}
Event: 5067.672 GC heap before
{Heap before GC invocations=14 (full 3):
 PSYoungGen      total 487936K, used 487909K [0x00000000e0000000, 0x0000000100000000, 0x0000000100000000)
  eden space 459776K, 100% used [0x00000000e0000000,0x00000000fc100000,0x00000000fc100000)
  from space 28160K, 99% used [0x00000000fe480000,0x00000000ffff9610,0x0000000100000000)
  to   space 32256K, 0% used [0x00000000fc100000,0x00000000fc100000,0x00000000fe080000)
 ParOldGen       total 212992K, used 27357K [0x00000000a0000000, 0x00000000ad000000, 0x00000000e0000000)
  object space 212992K, 12% used [0x00000000a0000000,0x00000000a1ab77b0,0x00000000ad000000)
 Metaspace       used 68494K, capacity 71608K, committed 71936K, reserved 1112064K
  class space    used 8606K, capacity 9115K, committed 9216K, reserved 1048576K
Event: 5067.694 GC heap after
Heap after GC invocations=14 (full 3):
 PSYoungGen      total 492032K, used 18183K [0x00000000e0000000, 0x0000000100000000, 0x0000000100000000)
  eden space 459776K, 0% used [0x00000000e0000000,0x00000000e0000000,0x00000000fc100000)
  from space 32256K, 56% used [0x00000000fc100000,0x00000000fd2c1f00,0x00000000fe080000)
  to   space 31232K, 0% used [0x00000000fe180000,0x00000000fe180000,0x0000000100000000)
 ParOldGen       total 212992K, used 27365K [0x00000000a0000000, 0x00000000ad000000, 0x00000000e0000000)
  object space 212992K, 12% used [0x00000000a0000000,0x00000000a1ab97b0,0x00000000ad000000)
 Metaspace       used 68494K, capacity 71608K, committed 71936K, reserved 1112064K
  class space    used 8606K, capacity 9115K, committed 9216K, reserved 1048576K
}

